0 info it worked if it ends with ok
1 verbose cli [ '/usr/local/bin/node',
1 verbose cli   '/usr/local/bin/npm',
1 verbose cli   'install',
1 verbose cli   '-g',
1 verbose cli   'csvtojson' ]
2 info using npm@3.3.12
3 info using node@v5.2.0
4 silly loadCurrentTree Starting
5 silly install loadCurrentTree
6 silly install readGlobalPackageData
7 silly fetchPackageMetaData csvtojson
8 silly fetchNamedPackageData csvtojson
9 silly mapToRegistry name csvtojson
10 silly mapToRegistry using default registry
11 silly mapToRegistry registry https://registry.npmjs.org/
12 silly mapToRegistry uri https://registry.npmjs.org/csvtojson
13 verbose request uri https://registry.npmjs.org/csvtojson
14 verbose request no auth needed
15 info attempt registry request try #1 at 4:24:23 PM
16 verbose request id 347de44817551e90
17 http request GET https://registry.npmjs.org/csvtojson
18 http 200 https://registry.npmjs.org/csvtojson
19 verbose headers { server: 'CouchDB/1.5.0 (Erlang OTP/R16B03)',
19 verbose headers   etag: '"3ET3TKTLR84LGXKC4FYZ22GT7"',
19 verbose headers   'content-type': 'application/json',
19 verbose headers   'cache-control': 'max-age=300',
19 verbose headers   'content-length': '84401',
19 verbose headers   'accept-ranges': 'bytes',
19 verbose headers   date: 'Thu, 18 Feb 2016 23:24:24 GMT',
19 verbose headers   via: '1.1 varnish',
19 verbose headers   age: '0',
19 verbose headers   connection: 'keep-alive',
19 verbose headers   'x-served-by': 'cache-lax1435-LAX',
19 verbose headers   'x-cache': 'HIT',
19 verbose headers   'x-cache-hits': '1',
19 verbose headers   'x-timer': 'S1455837864.236827,VS0,VE82',
19 verbose headers   vary: 'Accept' }
20 silly get cb [ 200,
20 silly get   { server: 'CouchDB/1.5.0 (Erlang OTP/R16B03)',
20 silly get     etag: '"3ET3TKTLR84LGXKC4FYZ22GT7"',
20 silly get     'content-type': 'application/json',
20 silly get     'cache-control': 'max-age=300',
20 silly get     'content-length': '84401',
20 silly get     'accept-ranges': 'bytes',
20 silly get     date: 'Thu, 18 Feb 2016 23:24:24 GMT',
20 silly get     via: '1.1 varnish',
20 silly get     age: '0',
20 silly get     connection: 'keep-alive',
20 silly get     'x-served-by': 'cache-lax1435-LAX',
20 silly get     'x-cache': 'HIT',
20 silly get     'x-cache-hits': '1',
20 silly get     'x-timer': 'S1455837864.236827,VS0,VE82',
20 silly get     vary: 'Accept' } ]
21 verbose get saving csvtojson to /Users/chopsticks35/.npm/registry.npmjs.org/csvtojson/.cache.json
22 silly install normalizeTree
23 silly loadCurrentTree Finishing
24 silly loadIdealTree Starting
25 silly install loadIdealTree
26 silly cloneCurrentTree Starting
27 silly install cloneCurrentTreeToIdealTree
28 silly cloneCurrentTree Finishing
29 silly loadShrinkwrap Starting
30 silly install loadShrinkwrap
31 silly loadShrinkwrap Finishing
32 silly loadAllDepsIntoIdealTree Starting
33 silly install loadAllDepsIntoIdealTree
34 silly resolveWithNewModule csvtojson@0.5.2 checking installable status
35 silly cache add args [ 'csvtojson', null ]
36 verbose cache add spec csvtojson
37 silly cache add parsed spec Result {
37 silly cache add   raw: 'csvtojson',
37 silly cache add   scope: null,
37 silly cache add   name: 'csvtojson',
37 silly cache add   rawSpec: '',
37 silly cache add   spec: '*',
37 silly cache add   type: 'range' }
38 silly addNamed csvtojson@*
39 verbose addNamed "*" is a valid semver range for csvtojson
40 silly addNameRange { name: 'csvtojson', range: '*', hasData: false }
41 silly mapToRegistry name csvtojson
42 silly mapToRegistry using default registry
43 silly mapToRegistry registry https://registry.npmjs.org/
44 silly mapToRegistry uri https://registry.npmjs.org/csvtojson
45 verbose addNameRange registry:https://registry.npmjs.org/csvtojson not in flight; fetching
46 verbose get https://registry.npmjs.org/csvtojson not expired, no request
47 silly addNameRange number 2 { name: 'csvtojson', range: '*', hasData: true }
48 silly addNameRange versions [ 'csvtojson',
48 silly addNameRange   [ '0.1.0',
48 silly addNameRange     '0.1.1',
48 silly addNameRange     '0.1.2',
48 silly addNameRange     '0.1.3',
48 silly addNameRange     '0.1.4',
48 silly addNameRange     '0.1.5',
48 silly addNameRange     '0.1.6',
48 silly addNameRange     '0.1.7',
48 silly addNameRange     '0.2.0',
48 silly addNameRange     '0.2.1',
48 silly addNameRange     '0.2.2',
48 silly addNameRange     '0.3.0',
48 silly addNameRange     '0.3.1',
48 silly addNameRange     '0.3.2',
48 silly addNameRange     '0.3.3',
48 silly addNameRange     '0.3.4',
48 silly addNameRange     '0.3.5',
48 silly addNameRange     '0.3.6',
48 silly addNameRange     '0.3.7',
48 silly addNameRange     '0.3.8',
48 silly addNameRange     '0.3.9',
48 silly addNameRange     '0.3.10',
48 silly addNameRange     '0.3.11',
48 silly addNameRange     '0.3.12',
48 silly addNameRange     '0.3.13',
48 silly addNameRange     '0.3.14',
48 silly addNameRange     '0.3.15',
48 silly addNameRange     '0.3.16',
48 silly addNameRange     '0.3.17',
48 silly addNameRange     '0.3.18',
48 silly addNameRange     '0.3.19',
48 silly addNameRange     '0.3.20',
48 silly addNameRange     '0.3.21',
48 silly addNameRange     '0.4.0',
48 silly addNameRange     '0.4.1',
48 silly addNameRange     '0.4.2',
48 silly addNameRange     '0.4.3',
48 silly addNameRange     '0.4.4',
48 silly addNameRange     '0.4.5',
48 silly addNameRange     '0.4.6',
48 silly addNameRange     '0.4.7',
48 silly addNameRange     '0.4.8',
48 silly addNameRange     '0.5.0',
48 silly addNameRange     '0.5.1',
48 silly addNameRange     '0.5.2' ] ]
49 silly addNamed csvtojson@0.5.2
50 verbose addNamed "0.5.2" is a plain semver version for csvtojson
51 silly mapToRegistry name csvtojson
52 silly mapToRegistry using default registry
53 silly mapToRegistry registry https://registry.npmjs.org/
54 silly mapToRegistry uri https://registry.npmjs.org/csvtojson
55 verbose addRemoteTarball https://registry.npmjs.org/csvtojson/-/csvtojson-0.5.2.tgz not in flight; adding
56 verbose addRemoteTarball [ 'https://registry.npmjs.org/csvtojson/-/csvtojson-0.5.2.tgz',
56 verbose addRemoteTarball   '9c7035adcaf00430d641f5a3b4f68df74a11a216' ]
57 info retry fetch attempt 1 at 4:24:24 PM
58 info attempt registry request try #1 at 4:24:24 PM
59 http fetch GET https://registry.npmjs.org/csvtojson/-/csvtojson-0.5.2.tgz
60 http fetch 200 https://registry.npmjs.org/csvtojson/-/csvtojson-0.5.2.tgz
61 silly fetchAndShaCheck shasum 9c7035adcaf00430d641f5a3b4f68df74a11a216
62 verbose addTmpTarball /var/folders/n0/8xn3bxtd6qz7zrsrwxdrj2w80000gq/T/npm-18282-46d5ca0a/registry.npmjs.org/csvtojson/-/csvtojson-0.5.2.tgz not in flight; adding
63 verbose addTmpTarball already have metadata; skipping unpack for csvtojson@0.5.2
64 silly cache afterAdd csvtojson@0.5.2
65 verbose afterAdd /Users/chopsticks35/.npm/csvtojson/0.5.2/package/package.json not in flight; writing
66 verbose afterAdd /Users/chopsticks35/.npm/csvtojson/0.5.2/package/package.json written
67 silly fetchNamedPackageData async
68 silly mapToRegistry name async
69 silly mapToRegistry using default registry
70 silly mapToRegistry registry https://registry.npmjs.org/
71 silly mapToRegistry uri https://registry.npmjs.org/async
72 verbose request uri https://registry.npmjs.org/async
73 verbose request no auth needed
74 info attempt registry request try #1 at 4:24:24 PM
75 verbose etag "6XR90PMX2KC8HOIFVUGX5107F"
76 http request GET https://registry.npmjs.org/async
77 http 200 https://registry.npmjs.org/async
78 verbose headers { server: 'CouchDB/1.5.0 (Erlang OTP/R16B03)',
78 verbose headers   etag: '"9SGRYIZ874K4NJV4WQRZ74HZL"',
78 verbose headers   'content-type': 'application/json',
78 verbose headers   'cache-control': 'max-age=300',
78 verbose headers   'content-length': '140741',
78 verbose headers   'accept-ranges': 'bytes',
78 verbose headers   date: 'Thu, 18 Feb 2016 23:24:24 GMT',
78 verbose headers   via: '1.1 varnish',
78 verbose headers   age: '13',
78 verbose headers   connection: 'keep-alive',
78 verbose headers   'x-served-by': 'cache-lax1422-LAX',
78 verbose headers   'x-cache': 'HIT',
78 verbose headers   'x-cache-hits': '2',
78 verbose headers   'x-timer': 'S1455837864.980660,VS0,VE0',
78 verbose headers   vary: 'Accept' }
79 silly get cb [ 200,
79 silly get   { server: 'CouchDB/1.5.0 (Erlang OTP/R16B03)',
79 silly get     etag: '"9SGRYIZ874K4NJV4WQRZ74HZL"',
79 silly get     'content-type': 'application/json',
79 silly get     'cache-control': 'max-age=300',
79 silly get     'content-length': '140741',
79 silly get     'accept-ranges': 'bytes',
79 silly get     date: 'Thu, 18 Feb 2016 23:24:24 GMT',
79 silly get     via: '1.1 varnish',
79 silly get     age: '13',
79 silly get     connection: 'keep-alive',
79 silly get     'x-served-by': 'cache-lax1422-LAX',
79 silly get     'x-cache': 'HIT',
79 silly get     'x-cache-hits': '2',
79 silly get     'x-timer': 'S1455837864.980660,VS0,VE0',
79 silly get     vary: 'Accept' } ]
80 verbose get saving async to /Users/chopsticks35/.npm/registry.npmjs.org/async/.cache.json
81 silly resolveWithNewModule async@1.5.2 checking installable status
82 silly cache add args [ 'async@^1.2.1', null ]
83 verbose cache add spec async@^1.2.1
84 silly cache add parsed spec Result {
84 silly cache add   raw: 'async@^1.2.1',
84 silly cache add   scope: null,
84 silly cache add   name: 'async',
84 silly cache add   rawSpec: '^1.2.1',
84 silly cache add   spec: '>=1.2.1 <2.0.0',
84 silly cache add   type: 'range' }
85 silly addNamed async@>=1.2.1 <2.0.0
86 verbose addNamed ">=1.2.1 <2.0.0" is a valid semver range for async
87 silly addNameRange { name: 'async', range: '>=1.2.1 <2.0.0', hasData: false }
88 silly mapToRegistry name async
89 silly mapToRegistry using default registry
90 silly mapToRegistry registry https://registry.npmjs.org/
91 silly mapToRegistry uri https://registry.npmjs.org/async
92 verbose addNameRange registry:https://registry.npmjs.org/async not in flight; fetching
93 verbose get https://registry.npmjs.org/async not expired, no request
94 silly addNameRange number 2 { name: 'async', range: '>=1.2.1 <2.0.0', hasData: true }
95 silly addNameRange versions [ 'async',
95 silly addNameRange   [ '0.1.0',
95 silly addNameRange     '0.1.1',
95 silly addNameRange     '0.1.2',
95 silly addNameRange     '0.1.3',
95 silly addNameRange     '0.1.4',
95 silly addNameRange     '0.1.5',
95 silly addNameRange     '0.1.6',
95 silly addNameRange     '0.1.7',
95 silly addNameRange     '0.1.8',
95 silly addNameRange     '0.1.9',
95 silly addNameRange     '0.1.10',
95 silly addNameRange     '0.1.11',
95 silly addNameRange     '0.1.12',
95 silly addNameRange     '0.1.13',
95 silly addNameRange     '0.1.14',
95 silly addNameRange     '0.1.15',
95 silly addNameRange     '0.1.16',
95 silly addNameRange     '0.1.17',
95 silly addNameRange     '0.1.18',
95 silly addNameRange     '0.1.19',
95 silly addNameRange     '0.1.20',
95 silly addNameRange     '0.1.21',
95 silly addNameRange     '0.1.22',
95 silly addNameRange     '0.2.0',
95 silly addNameRange     '0.2.1',
95 silly addNameRange     '0.2.2',
95 silly addNameRange     '0.2.3',
95 silly addNameRange     '0.2.4',
95 silly addNameRange     '0.2.5',
95 silly addNameRange     '0.2.6',
95 silly addNameRange     '0.2.7',
95 silly addNameRange     '0.2.8',
95 silly addNameRange     '0.2.9',
95 silly addNameRange     '0.2.10',
95 silly addNameRange     '0.3.0',
95 silly addNameRange     '0.4.0',
95 silly addNameRange     '0.4.1',
95 silly addNameRange     '0.5.0',
95 silly addNameRange     '0.6.0',
95 silly addNameRange     '0.6.1',
95 silly addNameRange     '0.6.2',
95 silly addNameRange     '0.7.0',
95 silly addNameRange     '0.8.0',
95 silly addNameRange     '0.9.0',
95 silly addNameRange     '0.9.2',
95 silly addNameRange     '1.0.0',
95 silly addNameRange     '1.1.0',
95 silly addNameRange     '1.2.0',
95 silly addNameRange     '1.1.1',
95 silly addNameRange     '1.2.1',
95 silly addNameRange     '1.3.0',
95 silly addNameRange     '1.4.0',
95 silly addNameRange     '1.4.1',
95 silly addNameRange     '1.4.2',
95 silly addNameRange     '1.5.0',
95 silly addNameRange     '1.5.1',
95 silly addNameRange     '1.5.2' ] ]
96 silly addNamed async@1.5.2
97 verbose addNamed "1.5.2" is a plain semver version for async
98 silly cache afterAdd async@1.5.2
99 verbose afterAdd /Users/chopsticks35/.npm/async/1.5.2/package/package.json not in flight; writing
100 verbose afterAdd /Users/chopsticks35/.npm/async/1.5.2/package/package.json written
101 silly loadAllDepsIntoIdealTree Finishing
102 silly idealTree:prePrune lib
102 silly idealTree:prePrune └─┬ csvtojson@0.5.2
102 silly idealTree:prePrune   └── async@1.5.2
103 silly loadIdealTree Finishing
104 silly currentTree lib
105 silly idealTree lib
105 silly idealTree └─┬ csvtojson@0.5.2
105 silly idealTree   └── async@1.5.2
106 silly generateActionsToTake Starting
107 silly install generateActionsToTake
108 warn checkPermissions Missing write access to /usr/local/lib/node_modules
109 silly rollbackFailedOptional Starting
110 silly rollbackFailedOptional Finishing
111 silly runTopLevelLifecycles Starting
112 silly runTopLevelLifecycles Finishing
113 silly install printInstalled
114 verbose stack Error: EACCES: permission denied, access '/usr/local/lib/node_modules'
114 verbose stack     at Error (native)
115 verbose cwd /Users/chopsticks35/Desktop/node.js/node5
116 error Darwin 15.3.0
117 error argv "/usr/local/bin/node" "/usr/local/bin/npm" "install" "-g" "csvtojson"
118 error node v5.2.0
119 error npm  v3.3.12
120 error path /usr/local/lib/node_modules
121 error code EACCES
122 error errno -13
123 error syscall access
124 error Error: EACCES: permission denied, access '/usr/local/lib/node_modules'
124 error     at Error (native)
124 error  { [Error: EACCES: permission denied, access '/usr/local/lib/node_modules']
124 error   errno: -13,
124 error   code: 'EACCES',
124 error   syscall: 'access',
124 error   path: '/usr/local/lib/node_modules' }
125 error Please try running this command again as root/Administrator.
126 verbose exit [ -13, true ]
